<?xml version="1.0" encoding="UTF-8"?>
<!-- Generated by org.testng.reporters.JUnitReportReporter -->
<testsuite hostname="DESKTOP-SIM7OHA" failures="0" tests="1" name="crudOperationWithoutBDD.UpdateThePerticularProjectTest" time="3.437" errors="0" timestamp="07 Jul 2022 09:22:40 GMT" skipped="0">
  <testcase classname="crudOperationWithoutBDD.UpdateThePerticularProjectTest" name="updateThePerticularProjectTest" time="3.437"/>
</testsuite> <!-- crudOperationWithoutBDD.UpdateThePerticularProjectTest -->
