<?xml version="1.0" encoding="UTF-8"?>
<!-- Generated by org.testng.reporters.JUnitReportReporter -->
<testsuite hostname="DESKTOP-SIM7OHA" failures="0" tests="1" name="differentWaysToPostARequest.CreateProjectUsingPojoClassTest" time="3.147" errors="0" timestamp="08 Jul 2022 12:47:23 GMT" skipped="0">
  <testcase classname="differentWaysToPostARequest.CreateProjectUsingPojoClassTest" name="createproject" time="3.147"/>
</testsuite> <!-- differentWaysToPostARequest.CreateProjectUsingPojoClassTest -->
