<?xml version="1.0" encoding="UTF-8"?>
<!-- Generated by org.testng.reporters.JUnitReportReporter -->
<testsuite hostname="DESKTOP-SIM7OHA" failures="0" tests="1" name="authentication.BarerTokenTest" time="7.210" errors="0" timestamp="11 Jul 2022 07:15:43 GMT" skipped="0">
  <testcase classname="authentication.BarerTokenTest" name="BarerTokenTest" time="7.210"/>
</testsuite> <!-- authentication.BarerTokenTest -->
