<?xml version="1.0" encoding="UTF-8"?>
<!-- Generated by org.testng.reporters.JUnitReportReporter -->
<testsuite hostname="DESKTOP-SIM7OHA" failures="0" tests="1" name="responseValidation.ResponseTimeValidationTest" time="2.824" errors="0" timestamp="08 Jul 2022 10:13:20 GMT" skipped="0">
  <testcase classname="responseValidation.ResponseTimeValidationTest" name="responseTimeValidationTest" time="2.824"/>
</testsuite> <!-- responseValidation.ResponseTimeValidationTest -->
