<?xml version="1.0" encoding="UTF-8"?>
<!-- Generated by org.testng.reporters.JUnitReportReporter -->
<testsuite hostname="DESKTOP-SIM7OHA" failures="0" tests="1" name="parameters.PathParametersTest" time="7.753" errors="0" timestamp="08 Jul 2022 11:22:38 GMT" skipped="0">
  <testcase classname="parameters.PathParametersTest" name="pathParameter" time="7.753"/>
</testsuite> <!-- parameters.PathParametersTest -->
