<?xml version="1.0" encoding="UTF-8"?>
<!-- Generated by org.testng.reporters.JUnitReportReporter -->
<testsuite hostname="DESKTOP-SIM7OHA" failures="0" tests="1" name="crudOperationWithoutBDD.CreateProjectTest1" time="5.980" errors="0" timestamp="07 Jul 2022 07:51:26 GMT" skipped="0">
  <testcase classname="crudOperationWithoutBDD.CreateProjectTest1" name="createProjectTest1" time="5.980"/>
</testsuite> <!-- crudOperationWithoutBDD.CreateProjectTest1 -->
