<?xml version="1.0" encoding="UTF-8"?>
<!-- Generated by org.testng.reporters.JUnitReportReporter -->
<testsuite hostname="DESKTOP-SIM7OHA" failures="0" tests="1" name="crudOperationWithBDD.GetSingleProject" time="2.432" errors="0" timestamp="07 Jul 2022 11:07:23 GMT" skipped="0">
  <testcase classname="crudOperationWithBDD.GetSingleProject" name="getSingleProject" time="2.432"/>
</testsuite> <!-- crudOperationWithBDD.GetSingleProject -->
