<?xml version="1.0" encoding="UTF-8"?>
<!-- Generated by org.testng.reporters.JUnitReportReporter -->
<testsuite hostname="DESKTOP-SIM7OHA" failures="0" tests="1" name="responseValidation.StaticResponseValidation" time="3.549" errors="0" timestamp="08 Jul 2022 07:48:12 GMT" skipped="0">
  <testcase classname="responseValidation.StaticResponseValidation" name="staticResponse" time="3.549"/>
</testsuite> <!-- responseValidation.StaticResponseValidation -->
