<?xml version="1.0" encoding="UTF-8"?>
<!-- Generated by org.testng.reporters.JUnitReportReporter -->
<testsuite hostname="DESKTOP-SIM7OHA" failures="0" tests="1" name="crudOperationWithoutBDD.DeletePerticularProjectTest" time="2.625" errors="0" timestamp="07 Jul 2022 09:34:18 GMT" skipped="0">
  <testcase classname="crudOperationWithoutBDD.DeletePerticularProjectTest" name="deletePerticularProjectTest" time="2.625"/>
</testsuite> <!-- crudOperationWithoutBDD.DeletePerticularProjectTest -->
