<?xml version="1.0" encoding="UTF-8"?>
<!-- Generated by org.testng.reporters.JUnitReportReporter -->
<testsuite hostname="DESKTOP-SIM7OHA" failures="0" tests="1" name="differentWaysToPostARequest.CreateProjectUsingHashMapTest" time="4.286" errors="0" timestamp="07 Jul 2022 14:55:47 GMT" skipped="0">
  <testcase classname="differentWaysToPostARequest.CreateProjectUsingHashMapTest" name="CreateP" time="4.286"/>
</testsuite> <!-- differentWaysToPostARequest.CreateProjectUsingHashMapTest -->
