<?xml version="1.0" encoding="UTF-8"?>
<!-- Generated by org.testng.reporters.JUnitReportReporter -->
<testsuite hostname="DESKTOP-SIM7OHA" failures="0" tests="1" name="crudOperationWithoutBDD.GetPerticularProjectTest" time="3.432" errors="0" timestamp="07 Jul 2022 09:17:58 GMT" skipped="0">
  <testcase classname="crudOperationWithoutBDD.GetPerticularProjectTest" name="GetPerticularProjectTest" time="3.432"/>
</testsuite> <!-- crudOperationWithoutBDD.GetPerticularProjectTest -->
