<?xml version="1.0" encoding="UTF-8"?>
<!-- Generated by org.testng.reporters.JUnitReportReporter -->
<testsuite hostname="DESKTOP-SIM7OHA" failures="0" tests="1" name="crudOperationWithBDD.GetAllProjectsTest" time="2.612" errors="0" timestamp="07 Jul 2022 15:02:50 GMT" skipped="0">
  <testcase classname="crudOperationWithBDD.GetAllProjectsTest" name="getAllProjectsTest" time="2.612"/>
</testsuite> <!-- crudOperationWithBDD.GetAllProjectsTest -->
