<?xml version="1.0" encoding="UTF-8"?>
<!-- Generated by org.testng.reporters.JUnitReportReporter -->
<testsuite hostname="DESKTOP-SIM7OHA" failures="0" tests="1" name="crudOperationWithoutBDD.CreateProjectTest" time="7.824" errors="0" timestamp="07 Jul 2022 09:07:13 GMT" skipped="0">
  <testcase classname="crudOperationWithoutBDD.CreateProjectTest" name="createProjectTest" time="7.824"/>
</testsuite> <!-- crudOperationWithoutBDD.CreateProjectTest -->
