<?xml version="1.0" encoding="UTF-8"?>
<!-- Generated by org.testng.reporters.JUnitReportReporter -->
<testsuite hostname="DESKTOP-SIM7OHA" failures="0" tests="1" name="requestChaining.CreateAProject_PostAndGetTest" time="7.652" errors="0" timestamp="10 Jul 2022 02:53:27 GMT" skipped="0">
  <testcase classname="requestChaining.CreateAProject_PostAndGetTest" name="createAProject_PostAndGet" time="7.652"/>
</testsuite> <!-- requestChaining.CreateAProject_PostAndGetTest -->
