<?xml version="1.0" encoding="UTF-8"?>
<!-- Generated by org.testng.reporters.JUnitReportReporter -->
<testsuite hostname="DESKTOP-SIM7OHA" failures="0" tests="1" name="responseValidation.DynamicResponseValidation" time="3.389" errors="0" timestamp="08 Jul 2022 07:49:57 GMT" skipped="0">
  <testcase classname="responseValidation.DynamicResponseValidation" name="staticResponse" time="3.389"/>
</testsuite> <!-- responseValidation.DynamicResponseValidation -->
