<?xml version="1.0" encoding="UTF-8"?>
<!-- Generated by org.testng.reporters.JUnitReportReporter -->
<testsuite hostname="DESKTOP-SIM7OHA" failures="0" tests="1" name="requestChaining.CreateProjectAndUpdateTest" time="4.815" errors="0" timestamp="11 Jul 2022 04:21:53 GMT" skipped="0">
  <testcase classname="requestChaining.CreateProjectAndUpdateTest" name="createProjectAndUpdateTest" time="4.815"/>
</testsuite> <!-- requestChaining.CreateProjectAndUpdateTest -->
