<?xml version="1.0" encoding="UTF-8"?>
<!-- Generated by org.testng.reporters.JUnitReportReporter -->
<testsuite hostname="DESKTOP-SIM7OHA" failures="0" tests="5" name="requestChaining.CreateProjectUsingDataProvederTest" time="3.832" errors="0" timestamp="11 Jul 2022 04:54:35 GMT" skipped="0">
  <testcase classname="requestChaining.CreateProjectUsingDataProvederTest" name="usingDataProviderTest" time="0.238"/>
  <testcase classname="requestChaining.CreateProjectUsingDataProvederTest" name="usingDataProviderTest" time="0.174"/>
  <testcase classname="requestChaining.CreateProjectUsingDataProvederTest" name="usingDataProviderTest" time="3.080"/>
  <testcase classname="requestChaining.CreateProjectUsingDataProvederTest" name="usingDataProviderTest" time="0.203"/>
  <testcase classname="requestChaining.CreateProjectUsingDataProvederTest" name="usingDataProviderTest" time="0.137"/>
</testsuite> <!-- requestChaining.CreateProjectUsingDataProvederTest -->
