<?xml version="1.0" encoding="UTF-8"?>
<!-- Generated by org.testng.reporters.JUnitReportReporter -->
<testsuite hostname="DESKTOP-SIM7OHA" failures="0" tests="1" name="authentication.Oauth2Test" time="5.320" errors="0" timestamp="11 Jul 2022 08:19:18 GMT" skipped="0">
  <testcase classname="authentication.Oauth2Test" name="oauth2Test" time="5.320"/>
</testsuite> <!-- authentication.Oauth2Test -->
