<?xml version="1.0" encoding="UTF-8"?>
<!-- Generated by org.testng.reporters.JUnitReportReporter -->
<testsuite hostname="DESKTOP-SIM7OHA" failures="0" tests="1" name="crudOperationWithBDD.UpdateTheProjectTest" time="3.192" errors="0" timestamp="07 Jul 2022 11:46:36 GMT" skipped="0">
  <testcase classname="crudOperationWithBDD.UpdateTheProjectTest" name="UpdateTheProjectTest" time="3.192"/>
</testsuite> <!-- crudOperationWithBDD.UpdateTheProjectTest -->
