<?xml version="1.0" encoding="UTF-8"?>
<!-- Generated by org.testng.reporters.JUnitReportReporter -->
<testsuite hostname="DESKTOP-SIM7OHA" failures="0" tests="3" name="authentication.BasicAuth" time="3.486" errors="0" timestamp="11 Jul 2022 06:56:16 GMT" skipped="0">
  <testcase classname="authentication.BasicAuth" name="premitiveAuthTest" time="0.267"/>
  <testcase classname="authentication.BasicAuth" name="basicAuth" time="2.935"/>
  <testcase classname="authentication.BasicAuth" name="digestiveAuthTest" time="0.284"/>
</testsuite> <!-- authentication.BasicAuth -->
