<?xml version="1.0" encoding="UTF-8"?>
<!-- Generated by org.testng.reporters.JUnitReportReporter -->
<testsuite hostname="DESKTOP-SIM7OHA" failures="0" tests="1" name="requestChaining.CreateProjectAndDeleteTest" time="9.671" errors="0" timestamp="11 Jul 2022 04:19:41 GMT" skipped="0">
  <testcase classname="requestChaining.CreateProjectAndDeleteTest" name="createAndDeleteTest" time="9.671"/>
</testsuite> <!-- requestChaining.CreateProjectAndDeleteTest -->
