<?xml version="1.0" encoding="UTF-8"?>
<!-- Generated by org.testng.reporters.JUnitReportReporter -->
<testsuite hostname="DESKTOP-SIM7OHA" failures="0" tests="1" name="crudOperationWithoutBDD.GetAllProjectsTest" time="2.387" errors="0" timestamp="08 Jul 2022 12:36:15 GMT" skipped="0">
  <testcase classname="crudOperationWithoutBDD.GetAllProjectsTest" name="getAllProjectsTest" time="2.387"/>
</testsuite> <!-- crudOperationWithoutBDD.GetAllProjectsTest -->
