<?xml version="1.0" encoding="UTF-8"?>
<!-- Generated by org.testng.reporters.JUnitReportReporter -->
<testsuite hostname="DESKTOP-SIM7OHA" failures="0" tests="1" name="crudOperationWithBDD.CreateProjectTest" time="3.559" errors="0" timestamp="07 Jul 2022 10:54:07 GMT" skipped="0">
  <testcase classname="crudOperationWithBDD.CreateProjectTest" name="createProjectTest" time="3.559"/>
</testsuite> <!-- crudOperationWithBDD.CreateProjectTest -->
