<?xml version="1.0" encoding="UTF-8"?>
<!-- Generated by org.testng.reporters.JUnitReportReporter -->
<testsuite hostname="DESKTOP-SIM7OHA" failures="0" tests="1" name="parameters.QueryParametersTest" time="3.154" errors="0" timestamp="08 Jul 2022 11:25:52 GMT" skipped="0">
  <testcase classname="parameters.QueryParametersTest" name="queryParameter" time="3.154"/>
</testsuite> <!-- parameters.QueryParametersTest -->
