<?xml version="1.0" encoding="UTF-8"?>
<!-- Generated by org.testng.reporters.JUnitReportReporter -->
<testsuite hostname="DESKTOP-SIM7OHA" failures="0" tests="1" name="differentWaysToPostARequest.CreateProjectUsingJSONFileTest" time="2.726" errors="0" timestamp="07 Jul 2022 15:13:20 GMT" skipped="0">
  <testcase classname="differentWaysToPostARequest.CreateProjectUsingJSONFileTest" name="createPTest" time="2.726"/>
</testsuite> <!-- differentWaysToPostARequest.CreateProjectUsingJSONFileTest -->
